<?xml version="1.0" encoding="UTF-8"?>
<!-- Generated by org.testng.reporters.JUnitReportReporter -->
<testsuite hostname="Charvik-HP" name="PackageNew.SampleClass" tests="1" failures="0" timestamp="9 Nov 2018 10:06:28 GMT" time="44.660" errors="0">
  <testcase name="Test1" time="44.660" classname="PackageNew.SampleClass"/>
</testsuite> <!-- PackageNew.SampleClass -->
